This is pdfTeX, Version 3.1415926-2.3-1.40.12 (TeX Live 2011) (format=pdflatex 2011.7.3)  7 MAY 2015 01:28
entering extended mode
 restricted \write18 enabled.
 %&-line parsing enabled.
**ese_505hw4.tex
(./ese_505hw4.tex
LaTeX2e <2009/09/24>
Babel <v3.8l> and hyphenation patterns for english, dumylang, nohyphenation, ge
rman-x-2009-06-19, ngerman-x-2009-06-19, afrikaans, ancientgreek, ibycus, arabi
c, armenian, basque, bulgarian, catalan, pinyin, coptic, croatian, czech, danis
h, dutch, ukenglish, usenglishmax, esperanto, estonian, ethiopic, farsi, finnis
h, french, galician, german, ngerman, swissgerman, monogreek, greek, hungarian,
 icelandic, assamese, bengali, gujarati, hindi, kannada, malayalam, marathi, or
iya, panjabi, tamil, telugu, indonesian, interlingua, irish, italian, kurmanji,
 lao, latin, latvian, lithuanian, mongolian, mongolianlmc, bokmal, nynorsk, pol
ish, portuguese, romanian, russian, sanskrit, serbian, serbianc, slovak, sloven
ian, spanish, swedish, turkish, turkmen, ukrainian, uppersorbian, welsh, loaded
.
(/usr/local/texlive/2011/texmf-dist/tex/latex/base/article.cls
Document Class: article 2007/10/19 v1.4h Standard LaTeX document class
(/usr/local/texlive/2011/texmf-dist/tex/latex/base/size10.clo
File: size10.clo 2007/10/19 v1.4h Standard LaTeX file (size option)
)
\c@part=\count79
\c@section=\count80
\c@subsection=\count81
\c@subsubsection=\count82
\c@paragraph=\count83
\c@subparagraph=\count84
\c@figure=\count85
\c@table=\count86
\abovecaptionskip=\skip41
\belowcaptionskip=\skip42
\bibindent=\dimen102
)
(/usr/local/texlive/2011/texmf-dist/tex/latex/base/latexsym.sty
Package: latexsym 1998/08/17 v2.2e Standard LaTeX package (lasy symbols)
\symlasy=\mathgroup4
LaTeX Font Info:    Overwriting symbol font `lasy' in version `bold'
(Font)                  U/lasy/m/n --> U/lasy/b/n on input line 47.
)
(/usr/local/texlive/2011/texmf-dist/tex/latex/amsmath/amsmath.sty
Package: amsmath 2000/07/18 v2.13 AMS math features
\@mathmargin=\skip43

For additional information on amsmath, use the `?' option.
(/usr/local/texlive/2011/texmf-dist/tex/latex/amsmath/amstext.sty
Package: amstext 2000/06/29 v2.01

(/usr/local/texlive/2011/texmf-dist/tex/latex/amsmath/amsgen.sty
File: amsgen.sty 1999/11/30 v2.0
\@emptytoks=\toks14
\ex@=\dimen103
))
(/usr/local/texlive/2011/texmf-dist/tex/latex/amsmath/amsbsy.sty
Package: amsbsy 1999/11/29 v1.2d
\pmbraise@=\dimen104
)
(/usr/local/texlive/2011/texmf-dist/tex/latex/amsmath/amsopn.sty
Package: amsopn 1999/12/14 v2.01 operator names
)
\inf@bad=\count87
LaTeX Info: Redefining \frac on input line 211.
\uproot@=\count88
\leftroot@=\count89
LaTeX Info: Redefining \overline on input line 307.
\classnum@=\count90
\DOTSCASE@=\count91
LaTeX Info: Redefining \ldots on input line 379.
LaTeX Info: Redefining \dots on input line 382.
LaTeX Info: Redefining \cdots on input line 467.
\Mathstrutbox@=\box26
\strutbox@=\box27
\big@size=\dimen105
LaTeX Font Info:    Redeclaring font encoding OML on input line 567.
LaTeX Font Info:    Redeclaring font encoding OMS on input line 568.
\macc@depth=\count92
\c@MaxMatrixCols=\count93
\dotsspace@=\muskip10
\c@parentequation=\count94
\dspbrk@lvl=\count95
\tag@help=\toks15
\row@=\count96
\column@=\count97
\maxfields@=\count98
\andhelp@=\toks16
\eqnshift@=\dimen106
\alignsep@=\dimen107
\tagshift@=\dimen108
\tagwidth@=\dimen109
\totwidth@=\dimen110
\lineht@=\dimen111
\@envbody=\toks17
\multlinegap=\skip44
\multlinetaggap=\skip45
\mathdisplay@stack=\toks18
LaTeX Info: Redefining \[ on input line 2666.
LaTeX Info: Redefining \] on input line 2667.
)
(/usr/local/texlive/2011/texmf-dist/tex/latex/amsfonts/amssymb.sty
Package: amssymb 2009/06/22 v3.00

(/usr/local/texlive/2011/texmf-dist/tex/latex/amsfonts/amsfonts.sty
Package: amsfonts 2009/06/22 v3.00 Basic AMSFonts support
\symAMSa=\mathgroup5
\symAMSb=\mathgroup6
LaTeX Font Info:    Overwriting math alphabet `\mathfrak' in version `bold'
(Font)                  U/euf/m/n --> U/euf/b/n on input line 96.
))
(/usr/local/texlive/2011/texmf-dist/tex/latex/preprint/fullpage.sty
Package: fullpage 1999/02/23 1.1 (PWD)
\FP@margin=\skip46
)
(/usr/local/texlive/2011/texmf-dist/tex/latex/graphics/graphicx.sty
Package: graphicx 1999/02/16 v1.0f Enhanced LaTeX Graphics (DPC,SPQR)

(/usr/local/texlive/2011/texmf-dist/tex/latex/graphics/keyval.sty
Package: keyval 1999/03/16 v1.13 key=value parser (DPC)
\KV@toks@=\toks19
)
(/usr/local/texlive/2011/texmf-dist/tex/latex/graphics/graphics.sty
Package: graphics 2009/02/05 v1.0o Standard LaTeX Graphics (DPC,SPQR)

(/usr/local/texlive/2011/texmf-dist/tex/latex/graphics/trig.sty
Package: trig 1999/03/16 v1.09 sin cos tan (DPC)
)
(/usr/local/texlive/2011/texmf-dist/tex/latex/latexconfig/graphics.cfg
File: graphics.cfg 2010/04/23 v1.9 graphics configuration of TeX Live
)
Package graphics Info: Driver file: pdftex.def on input line 91.

(/usr/local/texlive/2011/texmf-dist/tex/latex/pdftex-def/pdftex.def
File: pdftex.def 2011/05/27 v0.06d Graphics/color for pdfTeX

(/usr/local/texlive/2011/texmf-dist/tex/generic/oberdiek/infwarerr.sty
Package: infwarerr 2010/04/08 v1.3 Providing info/warning/message (HO)
)
(/usr/local/texlive/2011/texmf-dist/tex/generic/oberdiek/ltxcmds.sty
Package: ltxcmds 2011/04/18 v1.20 LaTeX kernel commands for general use (HO)
)
\Gread@gobject=\count99
))
\Gin@req@height=\dimen112
\Gin@req@width=\dimen113
)
(/usr/local/texlive/2011/texmf-dist/tex/latex/placeins/placeins.sty
Package: placeins 2005/04/18  v 2.2
)
(/usr/local/texlive/2011/texmf-dist/tex/latex/floatrow/floatrow.sty
Package: floatrow 2008/08/02 v0.3b floatrow: float package extension

(/usr/local/texlive/2011/texmf-dist/tex/latex/caption/caption3.sty
Package: caption3 2010/01/14 v3.1m caption3 kernel (AR)
\captionmargin=\dimen114
\captionmargin@=\dimen115
\captionwidth=\dimen116
\caption@indent=\dimen117
\caption@parindent=\dimen118
\caption@hangindent=\dimen119
)
\c@float@type=\count100
\float@exts=\toks20
\float@box=\box28
\@floatcapt=\box29
Package floatrow Info: Modified float package code loaded on input line 455.
Package floatrow Info: Modified rotfloat package code loaded on input line 473.

\FR@everyfloat=\toks21
\flrow@foot=\insert233
\FB@wd=\dimen120
\FBo@wd=\dimen121
\FBc@wd=\dimen122
\FBo@ht=\skip47
\FBc@ht=\skip48
\FBf@ht=\skip49
\FBo@max=\skip50
\FBc@max=\skip51
\FBf@max=\skip52
\c@FBl@b=\count101
\floatbox@depth=\count102
\c@FRobj=\count103
\c@FRsobj=\count104
\Xhsize=\skip53
\sXhsize=\skip54
\Zhsize=\skip55
\sZhsize=\skip56
\flrow@rowbox=\box30
\FR@Zunitlength=\dimen123
\c@FBcnt=\count105
\FPOScnt=\count106
\LTleft=\skip57
\LTright=\skip58
\LTleft=\skip59
\LTright=\skip60
\flrow@types=\toks22
)

LaTeX Warning: Unused global option(s):
    [english].

(./ese_505hw4.aux

LaTeX Warning: Label `fig:4_b2' multiply defined.

)
\openout1 = `ese_505hw4.aux'.

LaTeX Font Info:    Checking defaults for OML/cmm/m/it on input line 7.
LaTeX Font Info:    ... okay on input line 7.
LaTeX Font Info:    Checking defaults for T1/cmr/m/n on input line 7.
LaTeX Font Info:    ... okay on input line 7.
LaTeX Font Info:    Checking defaults for OT1/cmr/m/n on input line 7.
LaTeX Font Info:    ... okay on input line 7.
LaTeX Font Info:    Checking defaults for OMS/cmsy/m/n on input line 7.
LaTeX Font Info:    ... okay on input line 7.
LaTeX Font Info:    Checking defaults for OMX/cmex/m/n on input line 7.
LaTeX Font Info:    ... okay on input line 7.
LaTeX Font Info:    Checking defaults for U/cmr/m/n on input line 7.
LaTeX Font Info:    ... okay on input line 7.
 (/usr/local/texlive/2011/texmf-dist/tex/context/base/supp-pdf.mkii
[Loading MPS to PDF converter (version 2006.09.02).]
\scratchcounter=\count107
\scratchdimen=\dimen124
\scratchbox=\box31
\nofMPsegments=\count108
\nofMParguments=\count109
\everyMPshowfont=\toks23
\MPscratchCnt=\count110
\MPscratchDim=\dimen125
\MPnumerator=\count111
\makeMPintoPDFobject=\count112
\everyMPtoPDFconversion=\toks24
) (/usr/local/texlive/2011/texmf-dist/tex/generic/oberdiek/pdftexcmds.sty
Package: pdftexcmds 2011/04/22 v0.16 Utilities of pdfTeX for LuaTeX (HO)

(/usr/local/texlive/2011/texmf-dist/tex/generic/oberdiek/ifluatex.sty
Package: ifluatex 2010/03/01 v1.3 Provides the ifluatex switch (HO)
Package ifluatex Info: LuaTeX not detected.
)
(/usr/local/texlive/2011/texmf-dist/tex/generic/oberdiek/ifpdf.sty
Package: ifpdf 2011/01/30 v2.3 Provides the ifpdf switch (HO)
Package ifpdf Info: pdfTeX in PDF mode is detected.
)
Package pdftexcmds Info: LuaTeX not detected.
Package pdftexcmds Info: \pdf@primitive is available.
Package pdftexcmds Info: \pdf@ifprimitive is available.
Package pdftexcmds Info: \pdfdraftmode found.
)
(/usr/local/texlive/2011/texmf-dist/tex/latex/oberdiek/epstopdf-base.sty
Package: epstopdf-base 2010/02/09 v2.5 Base part for package epstopdf

(/usr/local/texlive/2011/texmf-dist/tex/latex/oberdiek/grfext.sty
Package: grfext 2010/08/19 v1.1 Managing graphics extensions (HO)

(/usr/local/texlive/2011/texmf-dist/tex/generic/oberdiek/kvdefinekeys.sty
Package: kvdefinekeys 2011/04/07 v1.3 Defining keys (HO)
))
(/usr/local/texlive/2011/texmf-dist/tex/latex/oberdiek/kvoptions.sty
Package: kvoptions 2010/12/23 v3.10 Keyval support for LaTeX options (HO)

(/usr/local/texlive/2011/texmf-dist/tex/generic/oberdiek/kvsetkeys.sty
Package: kvsetkeys 2011/04/07 v1.13 Key value parser (HO)

(/usr/local/texlive/2011/texmf-dist/tex/generic/oberdiek/etexcmds.sty
Package: etexcmds 2011/02/16 v1.5 Prefix for e-TeX command names (HO)
Package etexcmds Info: Could not find \expanded.
(etexcmds)             That can mean that you are not using pdfTeX 1.50 or
(etexcmds)             that some package has redefined \expanded.
(etexcmds)             In the latter case, load this package earlier.
)))
Package grfext Info: Graphics extension search list:
(grfext)             [.png,.pdf,.jpg,.mps,.jpeg,.jbig2,.jb2,.PNG,.PDF,.JPG,.JPE
G,.JBIG2,.JB2,.eps]
(grfext)             \AppendGraphicsExtensions on input line 452.

(/usr/local/texlive/2011/texmf-dist/tex/latex/latexconfig/epstopdf-sys.cfg
File: epstopdf-sys.cfg 2010/07/13 v1.3 Configuration of (r)epstopdf for TeX Liv
e
))
Package caption Info: Begin \AtBeginDocument code.
Package caption Info: End \AtBeginDocument code.

(/usr/local/texlive/2011/texmf-dist/tex/latex/graphics/color.sty
Package: color 2005/11/14 v1.0j Standard LaTeX Color (DPC)

(/usr/local/texlive/2011/texmf-dist/tex/latex/latexconfig/color.cfg
File: color.cfg 2007/01/18 v1.5 color configuration of teTeX/TeXLive
)
Package color Info: Driver file: pdftex.def on input line 130.
)
<frqA.png, id=1, 562.1pt x 421.575pt>
File: frqA.png Graphic file (type png)
 <use frqA.png>
Package pdftex.def Info: frqA.png used on input line 17.
(pdftex.def)             Requested size: 469.75502pt x 352.31299pt.

<frqB.png, id=2, 562.1pt x 420.57124pt>
File: frqB.png Graphic file (type png)
 <use frqB.png>
Package pdftex.def Info: frqB.png used on input line 23.
(pdftex.def)             Requested size: 469.75502pt x 351.47415pt.
 [1

{/usr/local/texlive/2011/texmf-var/fonts/map/pdftex/updmap/pdftex.map} <./frqA.
png (PNG copy)>]
LaTeX Font Info:    Try loading font information for U+lasy on input line 29.

(/usr/local/texlive/2011/texmf-dist/tex/latex/base/ulasy.fd
File: ulasy.fd 1998/08/17 v2.2e LaTeX symbol font definitions
)
LaTeX Font Info:    Try loading font information for U+msa on input line 29.

(/usr/local/texlive/2011/texmf-dist/tex/latex/amsfonts/umsa.fd
File: umsa.fd 2009/06/22 v3.00 AMS symbols A
)
LaTeX Font Info:    Try loading font information for U+msb on input line 29.

(/usr/local/texlive/2011/texmf-dist/tex/latex/amsfonts/umsb.fd
File: umsb.fd 2009/06/22 v3.00 AMS symbols B
)
<2a.png, id=11, 846.16125pt x 545.03625pt>
File: 2a.png Graphic file (type png)
 <use 2a.png>
Package pdftex.def Info: 2a.png used on input line 31.
(pdftex.def)             Requested size: 469.75502pt x 302.58186pt.
 [2 <./frqB.png (PNG copy)>] <2b.png, id=19, 788.9475pt x 611.28375pt>
File: 2b.png Graphic file (type png)
 <use 2b.png>
Package pdftex.def Info: 2b.png used on input line 39.
(pdftex.def)             Requested size: 469.75502pt x 363.96552pt.
 [3 <./2a.png (PNG copy)>] <2c.png, id=27, 786.94pt x 668.4975pt>
File: 2c.png Graphic file (type png)
 <use 2c.png>
Package pdftex.def Info: 2c.png used on input line 47.
(pdftex.def)             Requested size: 469.75502pt x 399.0513pt.
 [4 <./2b.png (PNG copy)>] <2d.png, id=32, 772.8875pt x 719.68875pt>
File: 2d.png Graphic file (type png)
 <use 2d.png>
Package pdftex.def Info: 2d.png used on input line 55.
(pdftex.def)             Requested size: 469.75502pt x 437.41718pt.
 [5 <./2c.png (PNG copy)>] [6 <./2d.png (PNG copy)>] <32gain_a2.png, id=40, 562
.1pt x 421.575pt>
File: 32gain_a2.png Graphic file (type png)

<use 32gain_a2.png>
Package pdftex.def Info: 32gain_a2.png used on input line 74.
(pdftex.def)             Requested size: 469.75502pt x 352.31299pt.
 [7 <./32gain_a2.png (PNG copy)>]
<3c2.png, id=46, 562.1pt x 420.57124pt>
File: 3c2.png Graphic file (type png)
 <use 3c2.png>
Package pdftex.def Info: 3c2.png used on input line 87.
(pdftex.def)             Requested size: 469.75502pt x 351.47415pt.

<3d2.png, id=47, 562.1pt x 421.575pt>
File: 3d2.png Graphic file (type png)
 <use 3d2.png>
Package pdftex.def Info: 3d2.png used on input line 106.
(pdftex.def)             Requested size: 469.75502pt x 352.31299pt.
 [8 <./3c2.png (PNG copy)>]
<3e_a0.png, id=52, 578.6418pt x 433.62pt>
File: 3e_a0.png Graphic file (type png)
 <use 3e_a0.png>
Package pdftex.def Info: 3e_a0.png used on input line 114.
(pdftex.def)             Requested size: 469.75502pt x 352.03087pt.


LaTeX Warning: `!h' float specifier changed to `!ht'.

[9 <./3d2.png (PNG copy)>] <3e_ahalf2.png, id=56, 562.1pt x 420.57124pt>
File: 3e_ahalf2.png Graphic file (type png)

<use 3e_ahalf2.png>
Package pdftex.def Info: 3e_ahalf2.png used on input line 120.
(pdftex.def)             Requested size: 469.75502pt x 351.47415pt.


LaTeX Warning: `!h' float specifier changed to `!ht'.

[10 <./3e_a0.png (PNG copy)>] <3e_apoint9.png, id=60, 562.1pt x 420.57124pt>
File: 3e_apoint9.png Graphic file (type png)

<use 3e_apoint9.png>
Package pdftex.def Info: 3e_apoint9.png used on input line 128.
(pdftex.def)             Requested size: 469.75502pt x 351.47415pt.


LaTeX Warning: `!h' float specifier changed to `!ht'.

[11 <./3e_ahalf2.png (PNG copy)>]
<part4_analog.png, id=64, 578.16pt x 433.62pt>
File: part4_analog.png Graphic file (type png)
 <use part4_analog.png>
Package pdftex.def Info: part4_analog.png used on input line 138.
(pdftex.def)             Requested size: 469.75502pt x 352.31538pt.


LaTeX Warning: `!h' float specifier changed to `!ht'.

<part4_digital.png, id=65, 578.16pt x 433.62pt>
File: part4_digital.png Graphic file (type png)
 <use part4_digital.png>
Package pdftex.def Info: part4_digital.png used on input line 144.
(pdftex.def)             Requested size: 469.75502pt x 352.31538pt.


LaTeX Warning: `!h' float specifier changed to `!ht'.

[12 <./3e_apoint9.png (PNG copy)>] [13 <./part4_analog.png (PNG copy)>]
[14 <./part4_digital.png (PNG copy)>]
<4b_analog.png, id=76, 591.20876pt x 458.71375pt>
File: 4b_analog.png Graphic file (type png)
 <use 4b_analog.png>
Package pdftex.def Info: 4b_analog.png used on input line 153.
(pdftex.def)             Requested size: 469.75502pt x 364.48671pt.

<4b_digital.png, id=77, 562.1pt x 420.57124pt>
File: 4b_digital.png Graphic file (type png)
 <use 4b_digital.png>
Package pdftex.def Info: 4b_digital.png used on input line 159.
(pdftex.def)             Requested size: 469.75502pt x 351.47415pt.


LaTeX Warning: `!h' float specifier changed to `!ht'.

[15

 <./4b_analog.png (PNG copy)>]
<4c_analog.png, id=81, 562.1pt x 420.57124pt>
File: 4c_analog.png Graphic file (type png)
 <use 4c_analog.png>
Package pdftex.def Info: 4c_analog.png used on input line 169.
(pdftex.def)             Requested size: 469.75502pt x 351.47415pt.


LaTeX Warning: `!h' float specifier changed to `!ht'.

<4c_digital.png, id=82, 562.1pt x 420.57124pt>
File: 4c_digital.png Graphic file (type png)
 <use 4c_digital.png>
Package pdftex.def Info: 4c_digital.png used on input line 175.
(pdftex.def)             Requested size: 469.75502pt x 351.47415pt.


LaTeX Warning: `!h' float specifier changed to `!ht'.

[16 <./4b_digital.png (PNG copy)>] [17 <./4c_analog.png (PNG copy)>] [18 <./4c_
digital.png (PNG copy)>] [19

] (./ese_505hw4.aux)

LaTeX Warning: There were multiply-defined labels.

 ) 
Here is how much of TeX's memory you used:
 3612 strings out of 493633
 51728 string characters out of 3143378
 110029 words of memory out of 3000000
 6836 multiletter control sequences out of 15000+200000
 11840 words of font info for 50 fonts, out of 3000000 for 9000
 831 hyphenation exceptions out of 8191
 38i,7n,38p,351b,319s stack positions out of 5000i,500n,10000p,200000b,50000s
</usr/local/texlive/2011/texmf-dist/fonts/type1/public/amsfonts/cm/cmbx10.pfb
></usr/local/texlive/2011/texmf-dist/fonts/type1/public/amsfonts/cm/cmbx12.pfb>
</usr/local/texlive/2011/texmf-dist/fonts/type1/public/amsfonts/cm/cmex10.pfb><
/usr/local/texlive/2011/texmf-dist/fonts/type1/public/amsfonts/cm/cmmi10.pfb></
usr/local/texlive/2011/texmf-dist/fonts/type1/public/amsfonts/cm/cmmi12.pfb></u
sr/local/texlive/2011/texmf-dist/fonts/type1/public/amsfonts/cm/cmmi5.pfb></usr
/local/texlive/2011/texmf-dist/fonts/type1/public/amsfonts/cm/cmmi7.pfb></usr/l
ocal/texlive/2011/texmf-dist/fonts/type1/public/amsfonts/cm/cmmi8.pfb></usr/loc
al/texlive/2011/texmf-dist/fonts/type1/public/amsfonts/cm/cmr10.pfb></usr/local
/texlive/2011/texmf-dist/fonts/type1/public/amsfonts/cm/cmr12.pfb></usr/local/t
exlive/2011/texmf-dist/fonts/type1/public/amsfonts/cm/cmr5.pfb></usr/local/texl
ive/2011/texmf-dist/fonts/type1/public/amsfonts/cm/cmr6.pfb></usr/local/texlive
/2011/texmf-dist/fonts/type1/public/amsfonts/cm/cmr7.pfb></usr/local/texlive/20
11/texmf-dist/fonts/type1/public/amsfonts/cm/cmr8.pfb></usr/local/texlive/2011/
texmf-dist/fonts/type1/public/amsfonts/cm/cmsy10.pfb>
Output written on ese_505hw4.pdf (19 pages, 423028 bytes).
PDF statistics:
 144 PDF objects out of 1000 (max. 8388607)
 89 compressed objects within 1 object stream
 0 named destinations out of 1000 (max. 500000)
 91 words of extra memory for PDF output out of 10000 (max. 10000000)

