\BOOKMARK [1][-]{section.1}{C}{}% 1
\BOOKMARK [1][-]{section.2}{C}{}% 2
\BOOKMARK [1][-]{section.3}{A}{}% 3
\BOOKMARK [1][-]{section.4}{C}{}% 4
\BOOKMARK [1][-]{section.5}{D}{}% 5
\BOOKMARK [1][-]{section.6}{A}{}% 6
\BOOKMARK [1][-]{section.7}{D}{}% 7
\BOOKMARK [1][-]{section.8}{A}{}% 8
\BOOKMARK [1][-]{section.9}{A}{}% 9
\BOOKMARK [1][-]{section.10}{A}{}% 10
\BOOKMARK [1][-]{section.11}{A}{}% 11
\BOOKMARK [1][-]{section.12}{D}{}% 12
\BOOKMARK [1][-]{section.13}{B}{}% 13
\BOOKMARK [1][-]{section.14}{A}{}% 14
\BOOKMARK [1][-]{section.15}{A}{}% 15
\BOOKMARK [1][-]{section.16}{C}{}% 16
\BOOKMARK [1][-]{section.17}{D}{}% 17
\BOOKMARK [1][-]{section.18}{D}{}% 18
\BOOKMARK [1][-]{section.19}{D}{}% 19
\BOOKMARK [1][-]{section.20}{A}{}% 20
\BOOKMARK [1][-]{section.21}{A}{}% 21
\BOOKMARK [1][-]{section.22}{A}{}% 22
\BOOKMARK [1][-]{section.23}{B}{}% 23
\BOOKMARK [1][-]{section.24}{B}{}% 24
\BOOKMARK [1][-]{section.25}{C}{}% 25
\BOOKMARK [1][-]{section.26}{A}{}% 26
\BOOKMARK [1][-]{section.27}{C}{}% 27
\BOOKMARK [1][-]{section.28}{C}{}% 28
\BOOKMARK [1][-]{section.29}{B}{}% 29
\BOOKMARK [1][-]{section.30}{D}{}% 30
\BOOKMARK [1][-]{section.31}{A}{}% 31
\BOOKMARK [1][-]{section.32}{C}{}% 32
\BOOKMARK [1][-]{section.33}{B}{}% 33
\BOOKMARK [1][-]{section.34}{B}{}% 34
\BOOKMARK [1][-]{section.35}{A}{}% 35
\BOOKMARK [1][-]{section.36}{A}{}% 36
\BOOKMARK [1][-]{section.37}{B}{}% 37
\BOOKMARK [1][-]{section.38}{A}{}% 38
\BOOKMARK [1][-]{section.39}{B}{}% 39
\BOOKMARK [1][-]{section.40}{}{}% 40
\BOOKMARK [1][-]{section.41}{}{}% 41
\BOOKMARK [1][-]{section.42}{}{}% 42
\BOOKMARK [1][-]{section.43}{}{}% 43
\BOOKMARK [1][-]{section.44}{}{}% 44
